<?xml version="1.0" encoding="UTF-8"?>
<!-- Generated by org.testng.reporters.JUnitXMLReporter -->
<testsuite ignored="0" hostname="DESKTOP-166QVCJ" failures="0" tests="32" name="Default test" time="28.056" errors="0" timestamp="2021-02-23T14:18:40 IST">
  <testcase classname="testcases.TC002" name="addToCartButton" time="3.441"/>
  <testcase classname="testcases.TC002" name="imageValidation" time="0.72"/>
  <testcase classname="testcases.TC002" name="itemsTextValidation" time="0.744"/>
  <testcase classname="testcases.TC002" name="itemsTextValidation" time="0.305"/>
  <testcase classname="testcases.TC002" name="itemsTextValidation" time="0.303"/>
  <testcase classname="testcases.TC002" name="itemsTextValidation" time="0.314"/>
  <testcase classname="testcases.TC002" name="itemsTextValidation" time="0.292"/>
  <testcase classname="testcases.TC002" name="itemsTextValidation" time="0.301"/>
  <testcase classname="testcases.TC002" name="itemsTextValidation" time="0.331"/>
  <testcase classname="testcases.TC002" name="itemsTextValidation" time="0.291"/>
  <testcase classname="testcases.TC002" name="itemsTextValidation" time="0.283"/>
  <testcase classname="testcases.TC002" name="itemsTextValidation" time="0.29"/>
  <testcase classname="testcases.TC002" name="itemsTextValidation" time="0.274"/>
  <testcase classname="testcases.TC002" name="itemsTextValidation" time="0.292"/>
  <testcase classname="testcases.TC002" name="itemsTextValidation" time="0.295"/>
  <testcase classname="testcases.TC002" name="itemsTextValidation" time="0.281"/>
  <testcase classname="testcases.TC002" name="itemsTextValidation" time="0.28"/>
  <testcase classname="testcases.TC002" name="itemsTextValidation" time="0.292"/>
  <testcase classname="testcases.TC002" name="itemsTextValidation" time="0.278"/>
  <testcase classname="testcases.TC002" name="itemsTextValidation" time="0.287"/>
  <testcase classname="testcases.TC002" name="itemsTextValidation" time="0.28"/>
  <testcase classname="testcases.TC002" name="itemsTextValidation" time="0.282"/>
  <testcase classname="testcases.TC002" name="itemsTextValidation" time="0.279"/>
  <testcase classname="testcases.TC002" name="itemsTextValidation" time="0.28"/>
  <testcase classname="testcases.TC002" name="itemsTextValidation" time="0.272"/>
  <testcase classname="testcases.TC002" name="itemsTextValidation" time="0.274"/>
  <testcase classname="testcases.TC002" name="itemsTextValidation" time="0.304"/>
  <testcase classname="testcases.TC002" name="itemsTextValidation" time="0.285"/>
  <testcase classname="testcases.TC002" name="itemsTextValidation" time="0.307"/>
  <testcase classname="testcases.TC002" name="itemsTextValidation" time="0.281"/>
  <testcase classname="testcases.TC002" name="itemsTextValidation" time="0.281"/>
  <testcase classname="testcases.TC002" name="itemsTextValidation" time="0.28"/>
</testsuite> <!-- Default test -->
