<?xml version="1.0" encoding="UTF-8"?>
<!-- Generated by org.testng.reporters.JUnitXMLReporter -->
<testsuite ignored="0" hostname="DESKTOP-166QVCJ" failures="0" tests="4" name="Test" time="11.395" errors="0" timestamp="2021-02-23T12:10:47 IST">
  <testcase classname="testcases.TC001" name="searchboxValidation1" time="0.764"/>
  <testcase classname="testcases.TC001" name="searchboxValidation2" time="0.272"/>
  <testcase classname="testcases.TC001" name="titleValidation" time="0.009"/>
  <testcase classname="testcases.TC001" name="urlvalidation" time="0.01"/>
</testsuite> <!-- Test -->
